11159
8027
47985
7645
28727
55795
5954
62019
44362
61412
31963
3111
30097
31734
36735
16413
44931
14806
60533
35185
29779
12305
1067
6060
5773
56618
51130
14835
15807
50218
59645
56331
63070
56475
15261
20354
43775
5146
37380
5074
36544
3338
573
18441
62080
6760
1800
21494
56713
10051
11032
2363
47562
16746
62772
56612
14275
9744
47707
56885
57347
61295
40679
33274
33345
42981
61966
17242
11796
50221
2191
4071
53705
59530
39071
15200
49370
23918
28294
35336
44474
659
29895
52677
9853
64018
48593
36665
29034
45484
50291
8236
34677
36697
21229
37743
14796
60240
19006
13200
38118
26327
40940
12728
24344
4659
24304
61351
15561
8171
45477
59179
52283
52054
5900
54364
573
52805
20681
3376
58445
23229
45379
32859
16417
57127
54094
26799
4921
3820
34534
2816
221
17103
42112
5763
63571
56570
28075
38478
33020
14671
51951
32024
4373
20458
10670
39717
33073
18630
19770
38796
40051
40679
53462
20257
42236
60645
26210
12290
16360
30482
20234
750
6886
55060
64095
37646
3854
5299
59118
17131
55466
53180
58795
64238
63916
29144
28256
60755
26369
26155
12945
32601
29279
6110
64600
16209
9275
33112
23440
30708
10469
2757
19476
57394
41917
26022
29934
14603
60965
22709
26101
24691
58422
19488
52428
54051
18325
17745
10069
36080
16960
51760
11052
85
20394
65498
34958
28396
22589
7114
36678
18700
64249
1760
26481
8849
42151
43281
21758
40776
1925
21349
5194
45370
15988
7231
11069
8345
40434
6961
8935
65320
32180
29191
10069
13419
19727
62580
15975
40853
41564
993
51387
50389
21700
41405
16084
10747
35692
42063
12610
26535
55024
46035
21268
20345
58043
65271
59188
1947
25678
26390
22488
41045
55454
10377
61791
40361
35295
24424
22899
47662
27503
48848
38275
64143
24076
64633
21771
60240
31102
15207
15751
19875
25189
57300
23219
51837
63396
58477
33480
9659
45697
25967
25682
15282
10305
8499
1314
47836
60160
21864
42598
3830
49170
26276
12342
30697
7111
60881
29777
1456
31704
33587
51121
31160
39846
37148
54695
18938
29613
14909
57532
17755
52119
54947
5304
47589
29291
9061
27548
4336
55600
38796
33214
17723
14238
48148
32202
3329
31750
40804
16109
58636
50622
36967
52402
56987
94
44109
38132
5708
12168
39079
47500
55394
23217
25499
16239
47157
40149
11809
39760
32502
26463
30609
27862
62465
65380
12106
55104
56696
34548
37648
19106
37814
25447
20649
49397
52457
28135
53605
36011
56203
29538
23806
20248
41573
55189
23568
37176
28597
26263
47254
27038
26663
62075
27932
46333
30926
10458
37855
36033
43289
6897
46412
56696
22951
52649
25244
38613
39476
10225
30630
39450
16173
1164
55744
19361
39596
54226
64146
6893
35707
60897
58506
12910
14138
32519
8448
26408
7034
12726
15781
65143
1155
15838
10236
19325
51124
6918
29744
34781
12481
56099
60716
65407
63062
8403
14702
26360
2072
11156
41131
50495
394
22363
54636
25895
27110
44602
13458
60619
55735
3953
29707
55577
3527
36452
45887
6716
2627
63014
47510
44381
15274
30539
20375
30368
44425
53390
9121
46801
49275
12990
39857
35215
24513
23284
49717
17876
65135
35957
36095
48076
2236
7261
21055
9633
19077
24762
54181
28445
8102
18581
47580
37967
40870
1005
64919
19051
8276
43659
42533
27046
7369
55476
49438
30949
11344
61969
52335
28005
58345
27239
62823
15511
21971
56799
15586
45005
25125
56026
26663
18283
41405
27274
63092
27199
58180
38776
64649
19539
33678
32111
46729
31769
33334
14884
28494
50425
37076
18262
16114
20104
44123
4033
38254
46689
2598
29337
42539
45942
31526
24112
28748
25393
48351
3367
4174
8710
1953
54213
29921
13089
61795
7259
27764
29025
58435
23656
33290
46662
10954
21391
2814
34007
46069
19645
17633
9549
50006
22349
49032
54165
15076
43904
52881
27362
56959
55766
4415
21421
54101
46324
44169
38043
24722
48042
53056
30048
41126
14854
62273
22826
48755
11563
65260
520
33367
956
6270
41829
54469
41749
30798
64881
34528
9981
54743
8414
45379
24111
47781
2100
8717
43096
37285
45543
7127
58715
30866
17520
37631
30324
30539
30681
42462
13444
14229
64216
18597
62381
45225
20633
5985
64871
28357
16528
32193
48379
4185
64073
64089
27362
44390
63295
51669
18674
50832
8027
46575
59811
49219
1969
13245
44884
37565
4088
21120
15007
37880
6931
6909
59235
4950
50875
62830
44758
25027
46697
23918
65326
31270
62525
9930
1221
59804
58025
42688
38093
52865
39472
37408
377
40875
7141
22807
10442
20538
30342
63318
27551
7877
44030
52311
37442
4259
51547
30850
34472
43946
50036
53580
63421
35703
46954
19101
12881
45360
25933
36697
37006
40859
23316
26080
50393
22832
43287
21894
44471
11432
50054
59243
37734
16727
32998
4825
3736
36839
940
17947
37565
40813
53487
53733
26645
9769
30036
32777
63643
51586
13829
49278
300
8958
35035
37317
48346
41410
46488
46728
1616
45516
42535
28191
29452
15470
14275
18121
1617
22131
65279
7248
53812
31125
30402
62111
38089
57909
63062
62449
16615
21860
13075
33991
44001
26711
40875
28473
63723
46241
20644
7924
26129
12867
55340
47077
15248
11122
45071
58654
1711
33744
42486
11265
28862
2662
65316
50816
6772
19867
53223
43743
42973
20227
40259
31418
1272
9906
1904
23225
13373
63009
39819
54358
15928
29436
26563
48194
60913
28311
7835
9209
21191
37823
64694
3720
41763
53742
24188
35877
64203
1494
62140
42030
61684
24903
42430
11334
53580
8742
11871
54884
49909
47854
45162
7529
28445
39616
24298
50234
20541
64829
64003
44484
36392
54877
9029
16100
52821
54196
16435
52533
41639
21739
7609
24653
28685
31555
33078
17742
45647
39276
7995
39010
19337
35457
15725
28328
63718
52596
40069
3395
14793
53406
49066
48244
4962
32669
4202
1903
11837
13444
43309
30164
2611
23314
30151
22767
22650
139
33677
43040
33321
4570
46371
2667
15188
55776
35684
8752
54214
25237
24722
51219
6658
31058
11787
31255
25869
56437
42915
10349
37610
56644
5242
43598
7306
54469
41482
42681
700
54387
37393
18488
44103
55573
29107
61763
9841
1085
23034
17538
22134
16639
31007
32677
58483
10647
50722
43166
3040
52791
12966
10179
63599
60268
51754
57715
29679
49964
22297
51254
26723
19348
7922
64755
35157
41568
5276
50207
36558
5335
883
34363
12775
63289
56053
36656
18831
7933
947
16827
31978
26875
16267
38888
40977
17706
1508
46045
53489
58927
12558
59685
8023
27302
14264
40315
62191
52261
56331
63229
24712
9511
20796
16364
20227
16970
60777
17550
22954
23977
59121
43517
20744
5709
38689
29458
1720
43095
40207
41477
50099
47620
48156
36274
23765
49206
14841
19842
18129
30559
47654
46773
7424
24319
63148
40212
28307
43052
54371
38008
25081
9455
54842
61914
58061
37460
498
46548
27658
5155
15601
9413
21995
4978
64163
3857
64037
33504
49716
13353
30121
2347
51052
12484
11288
17529
49405
19846
19871
41219
3042
44271
17999
49427
21597
15728
8479
27025
60907
56086
36774
35713
671
28025
22759
30976
1926
45255
54477
52919
50680
40951
50695
5320
15877
47883
3158
32376
32105
49217
34915
6287
33198
3812
39159
33636
19913
22813
64620
27604
12378
16149
5410
60787
17230
5713
30866
52184
43946
8896
14007
59901
34713
61964
39245
6804
51451
28341
30309
2773
43197
51655
33860
31663
429
43660
34817
8677
51956
20669
44744
24293
52649
60790
29545
57178
25475
18898
46491
28506
14709
31806
22452
7531
24389
4311
32315
31735
17030
60389
64415
42979
17527
8420
21765
6885
49315
26547
19739
13476
2607
64626
36352
6930
13420
34993
37942
34466
21879
26541
33599
9068
63990
64942
37968
50136
12933
48459
18449
18834
10426
35545
15559
743
9359
58080
64616
52410
11855
61037
43997
51853
47807
21179
36232
11041
20750
61367
51994
42838
3513
15142
36228
48530
28177
351
37903
52870
38730
61727
4294
43724
39943
42468
9705
28791
55269
27239
36066
2655
31142
15433
6113
61626
5742
181
64540
1898
46524
52158
31975
40930
60214
7958
11642
3115
23791
50167
44521
29469
54693
12922
14072
9869
49046
12605
29297
55459
38406
60290
20040
24310
31782
48359
42114
57755
9226
53154
12785
31839
28240
50548
27126
120
9726
19274
53168
19975
22926
40128
28962
50427
11727
36779
21656
9186
61301
3378
5781
16835
43255
10228
61371
28335
34327
13848
57628
10497
47807
6782
19039
27782
60938
64415
31665
26100
40723
10531
720
49076
439
31190
15952
12708
63400
54408
62964
12391
44311
18902
7261
32134
48459
32540
63188
55217
5797
62567
51188
9012
45396
40903
16707
28863
35930
28654
12995
51821
50191
50637
10293
61348
39256
47563
2655
7244
8422
39856
34910
47722
61290
40414
486
38982
5913
54037
27116
60402
62410
41395
33355
62609
56168
26706
2695
29288
25056
16226
55476
28304
42910
45239
25794
38680
7760
39511
32184
1026
28066
62481
10907
51875
6453
6164
8249
55607
28486
28786
65415
43951
2949
44714
15972
3495
53127
7387
57880
63990
63496
43321
18129
19563
37987
28330
29983
35506
6074
57482
51988
32594
14550
28117
6700
58305
6831
53172
24745
3780
60736
51599
58467
27442
31750
55448
55215
3484
58096
35594
51569
18283
23586
20121
24343
36702
26832
4754
14951
36551
8272
58622
28721
56120
26178
63834
48465
35524
52407
19657
5368
60445
54990
52306
62125
51989
28641
24204
15884
38718
12633
54377
65144
868
59644
41022
56350
63310
8381
61293
57438
49002
46561
20139
62014
8819
1923
8233
2826
36012
19269
57598
50806
43321
44247
57476
4177
36568
16081
22090
19225
25606
3672
35579
49015
8993
17418
49250
61191
38947
17878
49740
15594
34749
25056
65190
34164
45010
13656
31553
19943
4831
46630
45448
61493
15172
32213
6963
40656
18205
62805
31352
50519
15743
29625
37753
10758
52979
13196
27944
50951
32787
28872
25397
9638
4270
64491
19324
32790
14848
2372
1371
50432
45291
31598
5404
52473
48108
19133
7115
57828
60804
19363
19879
22379
20996
12305
42963
40428
35509
43330
46856
21366
34392
26941
52617
15455
65060
4546
55571
16637
5117
29687
31971
3984
37690
4209
55170
61796
56543
42242
5894
2868
55756
4733
65200
53561
55405
58770
61662
24665
62408
1760
54856
29781
49603
15470
3309
26807
65316
35521
5386
29360
10912
54922
23033
2266
39923
50875
34070
14004
48737
45339
25543
4725
19270
14743
45387
11860
65436
26763
40586
24279
48220
58173
2566
60527
40424
48707
27067
7151
37301
43784
25176
64137
37711
48465
64615
10777
61601
65129
19940
10288
54862
38873
44258
1239
19569
58540
63903
64735
35491
19575
34483
61840
25392
61110
40838
47870
58989
47941
42940
597
35296
32396
64481
63542
57650
27757
11253
33927
8297
31852
45375
36304
60907
42160
54042
46640
472
46416
19321
58476
34341
37590
38509
24081
26681
47460
20911
29714
17066
63339
9311
53670
57652
11619
25670
5988
57429
3312
29883
31697
23699
47014
50763
43381
52199
26036
52545
27504
63556
30119
27215
30044
33673
6234
4656
34232
35271
8419
9993
42669
37657
8904
62095
4491
42499
25173
37727
5322
45918
23119
31308
40211
24713
31550
4615
44047
22108
45572
58638
11512
34964
52012
48427
404
43205
11595
8024
35774
5530
23488
31369
28701
64342
7872
8426
19270
38486
17145
10978
6070
30802
11390
25234
2936
33345
12282
29556
63100
6100
60736
12295
48519
58696
18150
45027
45881
44723
30383
4114
33529
55193
2596
57739
27933
32369
22094
19325
14240
35811
55437
25637
50271
14013
55053
8810
6240
63389
54518
43613
28558
62382
11466
2188
46558
30723
27283
32647
43526
39589
37178
19614
4877
34679
13687
44807
44105
18269
43851
58461
37626
41565
42192
51206
55294
52669
29106
2657
13590
17898
64461
44713
46329
15451
41636
51956
41555
16484
17556
51897
25504
21758
20485
5196
55700
21721
37793
46880
1713
19554
48132
44908
30076
14786
35093
63339
37418
47716
52081
43110
22448
29060
24266
56475
42699
45811
54578
9492
61688
268
44934
38050
628
56714
37285
57721
4920
39846
15578
44348
42105
45383
13100
40750
51472
19384
63516
26492
33661
35662
17652
15781
13787
50862
44462
2072
62349
588
9325
50301
58646
63664
48816
25097
59628
13138
35481
54837
34767
59133
12927
32219
14158
46605
8742
22959
40694
44857
36036
35700
28978
59945
64021
57383
614
65255
32434
8479
21952
3534
30708
33210
64832
6755
20486
60178
60347
53812
64420
49870
10656
10877
20308
6478
56751
31072
22671
2231
686
52579
16555
54821
41127
20125
54087
28283
41466
54341
55051
12357
22716
62597
51989
21261
1005
53295
6051
22773
37873
17144
42333
1978
47030
29658
34256
27427
38274
14957
16575
53336
2935
53856
64735
44865
15576
29544
28087
59514
31261
11513
38768
2927
17544
9809
27171
15215
59425
52056
22125
30010
1183
20712
53915
62539
39357
24793
45475
20005
43886
49801
50761
44769
50681
31885
43170
39472
24999
20736
32789
45768
24581
17248
53853
32500
61623
40825
21307
9651
64878
29604
3610
6023
6234
41518
13672
45033
1028
21397
35727
47030
44926
10200
45180
22671
64959
10859
39331
64000
32694
49380
7520
28041
63111
28175
23190
48634
38991
43122
61340
42303
23102
63110
29002
9926
31066
15442
14450
18505
52224
37198
12850
29557
60847
40832
3816
62227
1296
44089
29475
41958
55377
58254
51220
29551
32210
3055
18419
27943
2941
44963
60148
5631
38508
60301
24351
1615
31922
50524
53951
44916
20564
24429
22722
55027
36055
47103
35762
17126
30976
19472
60945
39447
24464
49994
48374
30905
44666
36342
63258
63397
33380
61229
45165
49525
8457
50162
14747
17492
4967
26653
26101
45708
1971
18090
61011
54768
49926
27075
38801
40746
39875
38627
5611
16301
57356
5363
28421
22773
53605
48088
33534
34432
62643
33790
42018
39590
28332
25098
48828
29521
4455
60653
59761
39661
478
23731
47008
28353
59317
31900
15402
40346
8303
29522
44316
13588
6559
54544
48441
37650
26710
38406
64123
13122
60232
61455
33988
64845
12488
7899
19285
18213
38047
57076
37106
54728
59919
32120
57648
45040
44149
61817
35900
5566
10217
8267
46747
41487
5538
22666
2419
25588
50454
27993
17700
15437
4676
6889
41820
20278
14087
10040
20747
10280
21011
55060
14564
52133
6015
36378
27841
3424
20727
65493
63044
40664
61677
45104
14438
54111
31610
50829
13437
8772
65134
56643
35902
20771
18870
2355
35506
8433
30069
9287
58453
29974
39518
47114
38230
47398
31835
16717
60986
17621
36138
43520
56507
55216
58686
60314
2503
37239
52128
58645
32873
2092
47207
58391
10448
10780
13165
39099
21165
4625
50332
48642
44884
32094
12575
54078
46945
17520
56000
47316
48029
27117
56291
19337
56169
44723
64998
2667
44008
57144
19620
2157
22762
25190
4733
58422
5195
38596
10548
31311
14261
42756
46627
43050
26682
58356
30491
28091
55673
2107
15182
64641
4499
60327
44571
9672
20070
22511
14046
33883
48758
51212
14755
40989
7147
23370
15168
24282
23225
41704
43770
36753
42502
5352
51400
21285
25620
26765
48813
32350
60787
9286
32120
19607
3460
35145
36049
32265
23909
53358
60408
11919
50347
22759
8682
33415
8944
15642
2752
2825
42780
32321
28633
31681
59607
4148
5440
38030
56646
54935
28166
12065
34796
18658
19029
49449
30702
32975
20765
23649
30104
65347
62219
23747
46673
23444
16349
15922
43709
4780
34825
50413
19264
61183
28963
39708
56928
56774
6324
62507
58276
37684
21686
34724
54395
17627
21815
28595
34940
42968
12062
37755
15784
27703
36159
57998
59771
20070
44911
47580
14715
52921
38457
36432
14078
24213
5982
44401
32636
27269
54324
38571
31901
20994
1601
64266
21277
34657
1807
55536
54774
40090
13136
32857
23486
27497
5320
20051
20183
51992
62487
55093
62536
54803
50967
18557
8193
14939
25153
58591
6790
31904
8913
13132
9379
41380
34048
14184
26182
47271
784
47726
19650
2107
16143
21940
62425
25374
23651
50519
1130
53707
22059
18838
7927
53329
35748
19209
46546
28223
32014
59995
59235
31165
22068
51041
44053
27103
54017
3484
48905
36747
43623
27864
29680
37224
20095
11330
1425
46830
40409
14618
23966
31109
48492
50562
27461
6006
28809
51610
61162
47333
18905
8916
8358
39357
47157
56485
21408
61846
47157
34803
61773
19478
18981
22527
52792
46929
37727
52456
50561
38984
20664
59146
43219
27926
65506
34207
39381
56332
53210
10863
34331
10125
23394
17135
11856
109
64344
39542
45861
28841
8539
51529
43321
7394
45731
60000
3793
23333
51384
32724
30246
36045
49240
55005
8785
30759
36150
29103
53900
18392
3206
41000
10365
57232
31790
62301
102
62059
63545
48583
16277
58441
62235
65065
29390
40320
30245
2939
13154
19933
55143
55569
3230
12705
62427
26014
4502
9558
59029
48441
7930
60575
34335
48319
5824
40021
29031
37879
10146
24037
20599
64116
2098
47999
21243
29161
39568
57039
49116
4088
4557
6753
8960
38885
17827
18346
54051
49716
56658
25127
2232
29658
35946
3472
1491
45228
60648
60939
1360
45522
51367
54890
52619
9766
31532
31814
42527
59976
34906
51364
57421
4340
21359
19845
18706
34306
8159
15847
41317
62258
39621
44884
63502
11286
56927
30675
29534
34155
32746
9251
29887
51382
7682
8009
45918
17875
51341
44689
21621
11944
59834
10738
33224
55522
45110
34529
18508
9447
8148
62399
34253
55568
57187
49003
40183
9729
53718
49909
36748
30431
7740
54774
38675
39640
13321
9248
1181
23323
48203
22963
55551
2018
54631
4042
51052
30666
22405
3438
52692
31229
26663
39243
18353
42461
59791
45406
40933
51830
45573
52322
43817
8574
58838
24180
42355
54166
21299
43229
20115
62183
547
4522
44187
51996
29874
61522
26907
58055
22696
33650
8345
64035
5833
31099
18657
64984
3671
5946
24345
27976
20803
57354
48558
56300
35283
57354
17818
20143
30727
8574
42147
29556
31097
30177
28615
13572
35794
52190
10048
16378
61449
18534
52435
58997
21756
62072
7474
29544
45494
45764
49690
22666
43511
19359
2925
19755
12860
41732
9635
16369
44559
21025
54365
10113
5731
17687
63258
13719
61103
14808
35600
47237
24892
32304
26798
55882
35517
37915
28398
29288
35403
25259
42534
25317
929
10807
50185
23332
56957
10909
8609
18302
19440
6332
53981
42047
12273
44131
6998
46614
11052
718
45576
7737
31828
29455
13703
47644
17575
4953
53364
44342
64845
16137
39611
43468
61360
13288
61535
56293
35297
24264
14972
47663
45610
967
6159
39545
43773
44284
5918
29651
24359
52064
322
5049
15598
35083
2003
14422
9675
62382
53870
62977
2716
54021
36666
31295
22326
9937
58614
46179
13087
14277
2203
55196
57658
24230
27987
36303
15176
38654
20040
42598
24236
2886
53962
36310
36609
18678
12884
3990
34252
43423
27478
12732
12091
43636
55683
17498
18301
56744
48151
56424
59490
27462
22183
15604
56090
21429
62100
5485
45713
16609
14454
64397
47564
62029
42425
46589
54576
58964
1537
18441
62666
51850
46982
28496
48837
46347
359
64653
63961
45627
33174
18057
41130
52916
14637
15271
55533
36500
35133
3101
32044
41473
25278
29092
17854
34411
40957
10026
21415
42353
29189
23410
6139
32330
27960
44339
56476
51803
24648
12848
125
54605
23059
7613
6330
60792
41236
33660
32022
23010
4093
28526
12871
56786
59068
61442
47785
16384
41870
11494
41285
1880
7056
62298
37269
2091
31359
38231
23207
50786
37577
19668
13854
5006
31502
1915
30226
8567
24188
9706
34071
16096
15448
14792
14580
19951
40556
17639
1769
47093
4222
25730
35793
57635
2714
40495
60533
35974
52286
16886
34450
63531
53577
48585
52570
28693
28702
6174
17772
40175
13524
21316
11408
33965
2645
10922
56318
65228
32266
19084
10520
53840
63576
28801
38845
22155
3615
49496
10113
14003
12710
8033
56416
2416
51154
41570
55274
56828
22819
15479
12794
43080
44246
37989
61704
55066
11269
18048
55806
30245
64358
16647
9972
65010
45203
18087
3202
48126
8089
58403
33601
38918
58336
39513
58696
54406
65466
2753
13843
51755
9927
23888
37634
51166
37856
4964
11196
56924
39417
35559
804
12558
56392
43088
29325
5527
34707
23107
51178
8981
40369
4816
53199
6338
5822
10656
60447
40740
25899
14332
33054
51831
49050
25830
28330
32323
23464
4154
20154
63549
64411
26341
24819
28838
17284
46453
10753
6951
532
45477
31975
53252
32396
62189
32113
6513
49553
9472
33264
28053
40278
36128
721
64673
23700
29529
32604
36427
38480
40967
23721
50679
16053
18324
1872
11020
9650
58012
198
20803
47861
43970
41149
44030
43786
22617
44103
52651
18961
21312
50809
53799
13492
25196
27165
15217
52008
44951
35945
7205
19803
14812
39877
12384
14015
9923
51084
34405
28952
17518
31497
63204
20089
26341
55950
63318
60948
36251
61328
65106
33448
41690
1580
50707
36241
3641
16930
53764
14955
53785
18180
44308
7379
1752
63471
13413
14453
9740
2347
5582
24089
17827
38599
15666
1086
58266
54952
21118
6397
40836
30970
2820
8208
12089
6046
34488
55119
4223
47271
28890
25888
26310
37166
62266
36772
11075
9968
14260
55700
42217
61968
23657
956
32652
64167
48443
10872
8722
5500
31610
38753
9308
52126
10759
37313
8675
10202
25742
15961
15894
9653
39365
7881
16144
54817
31988
4163
29160
45156
56460
29003
44836
12003
44999
39865
10973
41574
48509
10564
38790
37470
22264
39874
39001
57359
37961
11834
9917
61959
48049
43786
4815
33399
2986
20907
16309
64506
29355
12417
44123
17018
17411
39261
954
2842
51596
35296
40186
10502
52911
49373
5340
46347
20831
27780
30210
54456
31094
21433
3126
12174
35949
4040
312
51517
36440
13333
31782
14024
17116
43097
27583
60149
64904
295
16394
58861
55307
8340
51955
27088
62306
41593
40444
33339
25855
59485
51400
41024
17297
42508
28229
41335
7006
28112
53305
63131
54101
27661
29457
55663
7032
35603
50549
62802
47206
24037
38549
15483
51392
16667
36086
65043
39030
17337
9128
52812
35439
39940
31984
40539
34642
4132
31703
11396
59411
34440
16696
18598
16913
28998
46498
45811
882
47289
45152
39511
8145
59544
11305
56642
56851
4172
10744
34819
23936
40838
21111
52919
13100
31750
1263
17876
45016
713
52715
11682
199
46257
17607
6852
51011
53676
50544
24928
22805
64849
55209
45156
5303
6236
58717
64168
53966
3593
19254
3171
43970
42413
45819
9939
42887
43181
64934
3372
52990
12725
605
22431
58269
21415
45493
43551
55509
65125
12648
2695
27532
36989
21875
33025
36443
43802
30675
49599
25218
55763
50543
13302
41759
10020
14658
36281
57646
58970
41209
13752
17510
620
39768
58854
24542
33296
38560
62173
64867
52526
31974
7667
23873
47870
25475
13115
26172
22448
39037
33076
32978
59342
46421
31420
61930
35697
2423
44427
15870
44274
54083
58669
36572
18470
45561
55577
12254
32678
4649
59201
59622
7984
49856
39231
9491
64621
52721
19272
46841
45381
14972
31114
65184
61156
24108
45436
27397
60088
29294
62389
42973
8999
23354
9810
21524
29972
64380
8308
23794
49608
21135
19889
34556
21357
3305
43621
42055
62997
46162
15445
47064
33649
28522
45094
22278
40438
62440
17167
25484
39016
15296
38230
63166
26625
43342
35328
24678
34548
14387
32027
55844
26266
6857
623
61626
54251
43447
40070
52931
10514
1620
588
20994
42132
11977
13131
65236
4105
61890
1430
55095
17937
49802
27336
24886
47694
53627
46388
33845
58349
1738
53756
58878
14018
18670
46825
61206
31068
43835
56903
49746
24917
52726
29742
62682
49742
33012
955
22549
4294967295
13697
32370
51239
60203
43825
47564
44573
56420
7017
27426
55674
23973
63605
30935
22264
39336
2863
47826
34086
9568
16212
62025
20185
23405
53869
3170
10174
43518
8276
28933
51426
571
9150
12055
15278
49375
46860
19255
47867
38804
58572
1507
199
59711
7088
30864
10525
10414
32392
62329
37733
990
19845
42250
37415
59422
20640
42597
39597
23098
51236
16887
24864
52113
55114
44894
63322
11260
33610
28354
7287
12526
17238
15441
29183
27648
25672
46667
8620
14806
62563
46162
30853
34044
36628
54600
53397
64652
56727
31107
17797
13414
23768
36678
2028
36788
32888
47438
50180
57859
13860
4787
27993
20170
56254
20115
64397
16957
20690
50383
13284
59513
1876
30006
34458
53561
8243
7575
37900
37549
45394
17572
38987
58131
3781
36742
44146
7373
14127
9495
64136
20399
24654
21517
22776
58304
43160
7403
16550
31066
28665
31363
7385
61826
16303
12168
38862
54632
51751
9849
31289
29918
4334
30662
52318
5015
6484
18958
23680
47424
58059
9517
17149
53697
54376
12124
63699
25524
5521
51472
12284
1785
50556
43953
33546
38944
32642
43244
33283
3876
20877
22427
29202
20759
24726
40433
21183
3087
39803
22119
14612
16444
6360
24338
45895
31684
36876
17824
43772
6143
44037
8438
64502
6764
60331
6169
46583
13351
11253
21041
50376
53817
55331
33357
54659
96
26875
48967
13163
53676
7455
2463
231
19701
45014
7647
63915
29670
41686
2888
6902
8403
18244
40561
24808
31114
7187
40314
42144
10827
50249
131
19170
62521
34984
33033
7891
46734
31827
55173
26781
17972
2394
59324
24469
879
32282
54110
47542
3845
32414
39697
7588
6543
26472
25708
41297
54990
5810
49619
55448
31311
56494
31446
3967
27681
45718
56385
45461
63061
41089
15247
26374
36107
48623
64620
21977
9496
28402
40596
41699
22582
46177
16020
33124
4356
10090
6599
14134
7084
2288
8934
60533
12470
1081
44472
38340
30890
51547
52021
26463
1942
50371
59402
10998
4678
6109
26465
13492
51279
7455
6461
65219
51124
54231
62410
19639
2732
39481
31753
14623
1073
33373
9600
54466
30002
51544
56841
9132
37405
64885
49938
54006
64120
5716
63422
1524
58177
60698
54361
9928
61772
27078
13067
36026
53531
20419
7261
26487
22926
14212
58268
907
Steps: 1350672
=== Warp 0 ===
Steps: 1350672
Insts: 3489185
Loads: 939061
Stores: 607192
